main1:
ldi		r16, 0xFF		1110 1111 0000 1111			r16 = 0xFF		SREG = 0x00
ldi		r17, 0x05		1110 0000 0001 0101			r17 = 0x05		SREG = 0x00
add		r16, r17		0000 1111 0000 0001			r16 = 0x04		SREG = 0x21
ldi		r17, 0x02		1110 0000 0001 0001			r17 = 0x02		SREG = 0x21
adc		r16, r17		0001 1111 0000 0001			r16 = 0x07		SREG = 0x00
andi	r16, 0x02		0111 0000 0000 0010			r16 = 0x02		SREG = 0x00
asr		r16				1001 0101 0000 0101			r16 = 0x01		SREG = 0x00

main2:
ldi		r16, 0xAA		1110 1010 0000 1010			r16 = 0xAA		SREG = 0x00
ldi		r17, 0x5F		1110 0101 0001 1111			r17 = 0x5F		SREG = 0x00
cbr		r16, 0x0F 		0111 0000 0000 1111			r16 = 0xA0		SREG = 0x14
com		r16				1001 0101 0000 0000			r16 = 0x5F		SREG = 0x01
cp		r16, r17		0001 0111 0000 0001			r16 = 0x5F		SREG = 0x02
sec						1001 0100 0000 1000			r16 = 0x5F		SREG = 0x03
cpi		r16, 0x5F		0011 0101 0000 1111			r16 = 0x5F		SREG = 0x02

main3:
ldi		r16, 0xAA		1110 1010 0000 1010			r16 = 0xAA		SREG = 0x00
dec		r16				1001 0101 0000 1010			r16 = 0xA8		SREG = 0x14
ldi		r17, 0x02		1110 0000 0001 0010			r17 = 0x02		SREG = 0x14
eor		r16, r17		0010 0111 0000 0001			r16 = 0xAB		SREG = 0x14
inc		r16				1001 0101 0000 0011			r16 = 0xAC		SREG = 0x14

main4:
ldi		r16, 0xAA		1110 1010 0000 1010			r16 = 0xAA		SREG = 0x00
ldi		r17, 0x11		1110 0001 0001 0001			r17 = 0x11		SREG = 0x00
movw	r18, r16		0000 0001 1001 1000
neg		r18				1001 0101 0010 0001			r18 = 0x56		SREG = 0x33

main5:
ldi		r16, 0x00		1110 0000 0000 0000			r16 = 0xAA		SREG = 0x00
out		r16, 0x3E		1011 1111 0000 1110
ldi		r16, 0x3F		1110 0011 0000 1111			r16 = 0xAA		SREG = 0x00
out		0x3D, r16		1011 1111 0000 1101

main6:
ldi		r16, 0xFF		1110 1111 0000 1111			r16 = 0xFF		SREG = 0x00
out		0x3F, r16		1011 1111 0000 1111			r16 = 0xFF		SREG = 0xFF
ldi		r16, 0x00		1110 0000 0000 0000			r16 = 0x00		SREG = 0xFF
ldi		r17, 0x01		1110 0000 0001 0001			r16 = 0x01		SREG = 0xFF
adc		r16, r17		0001 1111 0000 0001			r16 = 0x02		SREG = 0xC0
swap	r16				1001 0101 0000 0010         r16 = 0x20		SREG = 0xC0
subi	r16, 0x30		0101 0011 0000 0000			r16 = 0xF0		SREG = 0xD5

main7:
ldi		r16, 0xAA		1110 1010 0000 1010			r16 = 0xAA		SREG = 0x00
rol		r16				0001 1100 0001 0000			r16 = 0x54		SREG = 0x39
ror		r16				1001 0101 0000 0111			r16 = 0xAA		SREG = 0x2C
ldi		r17, 0xFF		1110 1111 0001 1111			r17 = 0xFF		SREG = 0x2C
sbc		r16, r17		0000 1011 0000 0001			r16 = 0xAB		SREG = 0x35
sbci	r16, 0x05		0100 0000 0000 0101			r16 = 0xA5		SREG = 0x14
ldi		r16, 0xF0		1110 1111 0000 0000			r16 = 0xF0		SREG = 0x14
out		0x01, r16		1011 1001 0000 0001
sbi		0x01, 0x03		1001 1010 0000 1011
cbi		0x01, 0x07		1001 1000 0000 1111
sei						1001 0100 0111 1000							SREG = 0x94

main8:
ldi		r26, 0xAA		1110 1010 1010 1010			r26 = 0xAA		SREG = 0x00
ldi		r27, 0x10		1110 0001 1011 0000			r27 = 0x01		SREG = 0x00
adiw	r26, 0x3F		1001 0110 1101 1111			r26 = 0xE9		SREG = 0x00
													r27 = 0x10
sbiw	r27, 0x20		1001 0111 1001 0000			r26 = 0xC9		SREG = 0x00
													r27 = 0x10

main9:
ldi		r17, 0x10		1110 0001 0001 0000			r17 = 0x10		SREG = 0x00
rcall	0x04			1101 0000 0000 0100			PC = 1
ldi		r17, 0x10		1110 0010 0001 0000			r17 = 0x20		SREG = 0x00
ldi		r26, 0xAA		1110 1010 1010 1010			PC = 6			SREG = 0x00